<?xml version="1.0" encoding="UTF-8"?>
<!-- Generated by org.testng.reporters.JUnitXMLReporter -->
<testsuite ignored="0" hostname="DESKTOP-JCJ8HOK" failures="0" tests="6" name="Create Booking Test - Apply Discount" time="0.062" errors="0" timestamp="2021-09-15T07:20:06 IST">
  <testcase classname="testcases.BookingSearch" name="searchHotel" time="0.005"/>
  <testcase classname="testcases.BookingSearch" name="selectHotel" time="0.003"/>
  <testcase classname="testcases.BookingSearch" name="enterGuestInfo" time="0.004"/>
  <testcase classname="testcases.PaymentManager" name="applyDiscount" time="0.003"/>
  <testcase classname="testcases.PaymentManager" name="makePayment" time="0.01"/>
  <testcase classname="testcases.CustomerCommunication" name="checkEMail" time="0.005"/>
</testsuite> <!-- Create Booking Test - Apply Discount -->
