<?xml version="1.0" encoding="UTF-8"?>
<!-- Generated by org.testng.reporters.JUnitXMLReporter -->
<testsuite ignored="1" hostname="DESKTOP-JCJ8HOK" failures="0" tests="6" name="Modify Booking Test - Apply Discount -- Pay@Hotel" time="0.028" errors="0" timestamp="2021-09-16T07:02:38 IST">
  <testcase classname="testcases.BookingSearch" name="loadBooking" time="0.002"/>
  <testcase classname="testcases.BookingSearch" name="selectHotel" time="0.003"/>
  <testcase classname="testcases.BookingSearch" name="enterGuestInfo" time="0.002"/>
  <testcase classname="testcases.PaymentManager" name="applyDiscount" time="0.002"/>
  <testcase classname="testcases.PaymentManager" name="makePayment" time="0.001"/>
  <testcase classname="testcases.CustomerCommunication" name="checkEMail" time="0.002"/>
  <testcase classname="testcases.BookingSearch" name="searchHotel" time="0.0">
    <ignored/>
  </testcase> <!-- searchHotel -->
</testsuite> <!-- Modify Booking Test - Apply Discount - Pay@Hotel -->
