<?xml version="1.0" encoding="UTF-8"?>
<testng-results ignored="0" total="1" passed="1" failed="0" skipped="0">
  <reporter-output>
  </reporter-output>
  <suite started-at="2021-09-21T01:30:59Z" name="loginSuite" finished-at="2021-09-21T01:30:59Z" duration-ms="94">
    <groups>
    </groups>
    <test started-at="2021-09-21T01:30:59Z" name="loginTest" finished-at="2021-09-21T01:30:59Z" duration-ms="94">
      <class name="testngrunner.Login">
        <test-method signature="f()[pri:0, instance:testngrunner.Login@52aa2946]" started-at="2021-09-21T01:30:59Z" name="f" finished-at="2021-09-21T01:30:59Z" duration-ms="23" status="PASS">
          <reporter-output>
          </reporter-output>
        </test-method> <!-- f -->
      </class> <!-- testngrunner.Login -->
    </test> <!-- loginTest -->
  </suite> <!-- loginSuite -->
</testng-results>
