<?xml version="1.0" encoding="UTF-8"?>
<!-- Generated by org.testng.reporters.JUnitXMLReporter -->
<testsuite ignored="2" hostname="DESKTOP-JCJ8HOK" failures="0" tests="5" name="Create Booking Test - Apply Discount - pay@hotel" time="0.142" errors="0" timestamp="2021-09-21T07:33:42 IST">
  <testcase classname="testcases.BookingSearch" name="searchHotel" time="0.019"/>
  <testcase classname="testcases.BookingSearch" name="selectHotel" time="0.001"/>
  <testcase classname="testcases.BookingSearch" name="enterGuestInfo" time="0.0"/>
  <testcase classname="testcases.PaymentManager" name="applyDiscount" time="0.0"/>
  <testcase classname="testcases.PaymentManager" name="makePayment" time="0.001"/>
  <testcase classname="testcases.BookingSearch" name="loadBooking" time="0.0">
    <ignored/>
  </testcase> <!-- loadBooking -->
  <testcase classname="testcases.CustomerCommunication" name="checkEMail" time="0.0">
    <ignored/>
  </testcase> <!-- checkEMail -->
</testsuite> <!-- Create Booking Test - Apply Discount - pay@hotel -->
