<?xml version="1.0" encoding="UTF-8"?>
<!-- Generated by org.testng.reporters.JUnitXMLReporter -->
<testsuite ignored="6" hostname="DESKTOP-JCJ8HOK" failures="0" tests="1" name="Default test" time="13.5" errors="0" timestamp="13 Oct 2021 01:39:26 GMT">
  <testcase classname="actions.MouseOperations" name="autoSuggestion" time="8.838"/>
  <testcase classname="actions.MouseOperations" name="dragAnddrop" time="0.0">
    <ignored/>
  </testcase> <!-- dragAnddrop -->
  <testcase classname="actions.MouseOperations" name="MoveToelement" time="0.0">
    <ignored/>
  </testcase> <!-- MoveToelement -->
  <testcase classname="actions.MouseOperations" name="resizeMethod" time="0.0">
    <ignored/>
  </testcase> <!-- resizeMethod -->
  <testcase classname="actions.MouseOperations" name="slider" time="0.0">
    <ignored/>
  </testcase> <!-- slider -->
  <testcase classname="actions.MouseOperations" name="Browserslider" time="0.0">
    <ignored/>
  </testcase> <!-- Browserslider -->
  <testcase classname="actions.MouseOperations" name="rightClickMethod" time="0.0">
    <ignored/>
  </testcase> <!-- rightClickMethod -->
</testsuite> <!-- Default test -->
