<?xml version="1.0" encoding="UTF-8"?>
<!-- Generated by org.testng.reporters.JUnitXMLReporter -->
<testsuite ignored="0" hostname="DESKTOP-JCJ8HOK" failures="0" tests="3" name="Default test" time="0.168" errors="0" timestamp="31 Aug 2021 01:25:24 GMT">
  <testcase classname="com.project.July6_30AM_MavenBuild.TestNGTestMethodsParallel" name="test1" time="0.051"/>
  <testcase classname="com.project.July6_30AM_MavenBuild.TestNGTestMethodsParallel" name="test2" time="0.006"/>
  <testcase classname="com.project.July6_30AM_MavenBuild.TestNGTestMethodsParallel" name="test3" time="0.002"/>
</testsuite> <!-- Default test -->
