<?xml version="1.0" encoding="UTF-8"?>
<!-- Generated by org.testng.reporters.JUnitXMLReporter -->
<testsuite ignored="0" hostname="DESKTOP-JCJ8HOK" failures="0" tests="3" name="ChromeTest" time="112.725" errors="0" timestamp="30 Aug 2021 02:09:14 GMT">
  <testcase classname="com.project.July6_30AM_MavenBuild.RadioButton1" name="radioButton1" time="3.288"/>
  <testcase classname="com.project.July6_30AM_MavenBuild.TNG_002" name="f" time="40.711"/>
  <testcase classname="com.project.July6_30AM_MavenBuild.CheckBox1" name="checkboxTest" time="5.013"/>
</testsuite> <!-- ChromeTest -->
