<?xml version="1.0" encoding="UTF-8"?>
<!-- Generated by org.testng.reporters.JUnitXMLReporter -->
<testsuite ignored="0" hostname="DESKTOP-JCJ8HOK" failures="0" tests="3" name="FirefoxTest" time="137.456" errors="0" timestamp="30 Aug 2021 02:11:31 GMT">
  <testcase classname="com.project.July6_30AM_MavenBuild.RadioButton1" name="radioButton1" time="0.824"/>
  <testcase classname="com.project.July6_30AM_MavenBuild.TNG_002" name="f" time="34.401"/>
  <testcase classname="com.project.July6_30AM_MavenBuild.CheckBox1" name="checkboxTest" time="1.12"/>
</testsuite> <!-- FirefoxTest -->
