<?xml version="1.0" encoding="UTF-8"?>
<!-- Generated by org.testng.reporters.JUnitXMLReporter -->
<testsuite ignored="0" hostname="DESKTOP-JCJ8HOK" failures="0" tests="3" name="Default test" time="0.24" errors="0" timestamp="2021-09-15T07:02:02 IST">
  <testcase classname="testcases.BookingSearch" name="searchHotel" time="0.033"/>
  <testcase classname="testcases.BookingSearch" name="selectHotel" time="0.006"/>
  <testcase classname="testcases.BookingSearch" name="enterGuestInfo" time="0.004"/>
</testsuite> <!-- Default test -->
