<?xml version="1.0" encoding="UTF-8"?>
<!-- Generated by org.testng.reporters.JUnitXMLReporter -->
<testsuite ignored="1" hostname="DESKTOP-JCJ8HOK" failures="0" tests="2" name="Test" time="35.209" errors="0" timestamp="01 Sep 2021 01:31:12 GMT">
  <testcase classname="com.project.July6_30AM_MavenBuild.RadioButton1" name="radioButton1" time="0.597"/>
  <testcase classname="com.project.July6_30AM_MavenBuild.CheckBox1" name="checkboxTest" time="4.21"/>
  <testcase classname="com.project.July6_30AM_MavenBuild.TNG_002" name="f" time="0.0">
    <ignored/>
  </testcase> <!-- f -->
</testsuite> <!-- Test -->
