<?xml version="1.0" encoding="UTF-8"?>
<testng-results ignored="2" total="7" passed="5" failed="0" skipped="0">
  <reporter-output>
  </reporter-output>
  <suite started-at="2021-09-21T07:33:42 IST" name="Booking Suite" finished-at="2021-09-21T07:33:42 IST" duration-ms="142">
    <groups>
    </groups>
    <test started-at="2021-09-21T07:33:42 IST" name="Create Booking Test - Apply Discount - pay@hotel" finished-at="2021-09-21T07:33:42 IST" duration-ms="142">
      <class name="testcases.PaymentManager">
        <test-method signature="applyDiscount()[pri:0, instance:testcases.PaymentManager@43ee72e6]" started-at="2021-09-21T07:33:42 IST" name="applyDiscount" finished-at="2021-09-21T07:33:42 IST" duration-ms="0" status="PASS">
          <reporter-output>
          </reporter-output>
        </test-method> <!-- applyDiscount -->
        <test-method signature="makePayment(java.lang.String,org.testng.ITestContext)[pri:0, instance:testcases.PaymentManager@43ee72e6]" started-at="2021-09-21T07:33:42 IST" name="makePayment" finished-at="2021-09-21T07:33:42 IST" duration-ms="1" status="PASS">
          <params>
            <param index="0">
              <value>
                <![CDATA[pay@hotel]]>
              </value>
            </param>
            <param index="1">
              <value>
                <![CDATA[org.testng.TestRunner@35cabb2a]]>
              </value>
            </param>
          </params>
          <reporter-output>
          </reporter-output>
        </test-method> <!-- makePayment -->
      </class> <!-- testcases.PaymentManager -->
      <class name="testcases.BookingSearch">
        <test-method signature="searchHotel()[pri:0, instance:testcases.BookingSearch@7fc229ab]" started-at="2021-09-21T07:33:42 IST" name="searchHotel" finished-at="2021-09-21T07:33:42 IST" duration-ms="19" status="PASS">
          <reporter-output>
          </reporter-output>
        </test-method> <!-- searchHotel -->
        <test-method signature="selectHotel()[pri:0, instance:testcases.BookingSearch@7fc229ab]" started-at="2021-09-21T07:33:42 IST" name="selectHotel" finished-at="2021-09-21T07:33:42 IST" duration-ms="1" status="PASS">
          <reporter-output>
          </reporter-output>
        </test-method> <!-- selectHotel -->
        <test-method signature="enterGuestInfo()[pri:0, instance:testcases.BookingSearch@7fc229ab]" started-at="2021-09-21T07:33:42 IST" name="enterGuestInfo" finished-at="2021-09-21T07:33:42 IST" duration-ms="0" status="PASS">
          <reporter-output>
          </reporter-output>
        </test-method> <!-- enterGuestInfo -->
      </class> <!-- testcases.BookingSearch -->
    </test> <!-- Create Booking Test - Apply Discount - pay@hotel -->
  </suite> <!-- Booking Suite -->
</testng-results>
